INFO  started: Metals version 0.8.1 in workspace '/Users/George/workspace/scala-study'
INFO  time: initialize in 1.71s
WARN  no build tool detected in workspace '/Users/George/workspace/scala-study'. The most common cause for this problem is that the editor was opened in the wrong working directory, for example if you use sbt then the workspace directory should contain build.sbt. 
WARN  no build target for: /Users/George/workspace/scala-study/Main.scala
WARN  no build target for: /Users/George/workspace/scala-study/Distance.scala
3月 06, 2020 2:13:30 午後 org.eclipse.lsp4j.jsonrpc.RemoteEndpoint handleCancellation
警告: Unmatched cancel notification for request id 2
3月 06, 2020 2:13:30 午後 org.eclipse.lsp4j.jsonrpc.RemoteEndpoint handleCancellation
警告: Unmatched cancel notification for request id 3
3月 06, 2020 2:13:30 午後 org.eclipse.lsp4j.jsonrpc.RemoteEndpoint handleCancellation
警告: Unmatched cancel notification for request id 5
3月 06, 2020 2:13:30 午後 org.eclipse.lsp4j.jsonrpc.RemoteEndpoint handleCancellation
警告: Unmatched cancel notification for request id 4
3月 06, 2020 2:13:30 午後 org.eclipse.lsp4j.jsonrpc.RemoteEndpoint handleCancellation
警告: Unmatched cancel notification for request id 9
3月 06, 2020 2:13:30 午後 org.eclipse.lsp4j.jsonrpc.RemoteEndpoint handleCancellation
警告: Unmatched cancel notification for request id 8
INFO  no build target: using presentation compiler with only scala-library
WARN  no build target for: /Users/George/workspace/scala-study/Distance.scala
WARN  no build target for: /Users/George/workspace/scala-study/Distance.scala
WARN  no build target for: /Users/George/workspace/scala-study/Distance.scala
WARN  no build target for: /Users/George/workspace/scala-study/Factorial.scala
3月 06, 2020 2:19:22 午後 org.eclipse.lsp4j.jsonrpc.RemoteEndpoint fallbackResponseError
重大: Internal error: java.lang.StringIndexOutOfBoundsException: String index out of range: -1
java.util.concurrent.CompletionException: java.lang.StringIndexOutOfBoundsException: String index out of range: -1
	at java.base/java.util.concurrent.CompletableFuture.encodeThrowable(CompletableFuture.java:331)
	at java.base/java.util.concurrent.CompletableFuture.completeThrowable(CompletableFuture.java:346)
	at java.base/java.util.concurrent.CompletableFuture$UniAccept.tryFire(CompletableFuture.java:704)
	at java.base/java.util.concurrent.CompletableFuture.postComplete(CompletableFuture.java:506)
	at java.base/java.util.concurrent.CompletableFuture.completeExceptionally(CompletableFuture.java:2088)
	at scala.meta.internal.metals.CancelTokens$.$anonfun$future$1(CancelTokens.scala:38)
	at scala.meta.internal.metals.CancelTokens$.$anonfun$future$1$adapted(CancelTokens.scala:36)
	at scala.concurrent.impl.CallbackRunnable.run(Promise.scala:64)
	at java.base/java.util.concurrent.ThreadPoolExecutor.runWorker(ThreadPoolExecutor.java:1128)
	at java.base/java.util.concurrent.ThreadPoolExecutor$Worker.run(ThreadPoolExecutor.java:628)
	at java.base/java.lang.Thread.run(Thread.java:834)
Caused by: java.lang.StringIndexOutOfBoundsException: String index out of range: -1
	at java.base/java.lang.StringLatin1.charAt(StringLatin1.java:47)
	at java.base/java.lang.String.charAt(String.java:693)
	at scala.collection.immutable.StringOps$.apply$extension(StringOps.scala:41)
	at scala.meta.internal.metals.MetalsEnrichments$XtensionString.lastIndexBetween(MetalsEnrichments.scala:411)
	at scala.meta.internal.metals.MultilineStringFormattingProvider.pipeInScope(MultilineStringFormattingProvider.scala:86)
	at scala.meta.internal.metals.MultilineStringFormattingProvider.$anonfun$withToken$1(MultilineStringFormattingProvider.scala:131)
	at scala.concurrent.Future$.$anonfun$apply$1(Future.scala:659)
	at scala.util.Success.$anonfun$map$1(Try.scala:255)
	at scala.util.Success.map(Try.scala:213)
	at scala.concurrent.Future.$anonfun$map$1(Future.scala:292)
	at scala.concurrent.impl.Promise.liftedTree1$1(Promise.scala:33)
	at scala.concurrent.impl.Promise.$anonfun$transform$1(Promise.scala:33)
	... 4 more

3月 06, 2020 2:20:24 午後 scala.meta.internal.pc.CompletionProvider expected$1
警告: offset 147, count -1, length 157
WARN  no build target for: /Users/George/workspace/scala-study/Factorial.scala
WARN  no build target for: /Users/George/workspace/scala-study/Factorial.scala
WARN  no build target for: /Users/George/workspace/scala-study/Factorial.scala
WARN  no build target for: /Users/George/workspace/scala-study/Factorial.scala
WARN  no build target for: /Users/George/workspace/scala-study/Factorial.scala
WARN  no build target for: /Users/George/workspace/scala-study/Factorial.scala
WARN  no build target for: /Users/George/workspace/scala-study/Factorial.scala
WARN  no build target for: /Users/George/workspace/scala-study/Factorial.scala
WARN  no build target for: /Users/George/workspace/scala-study/Factorial.scala
3月 06, 2020 2:26:28 午後 org.eclipse.lsp4j.jsonrpc.RemoteEndpoint handleCancellation
警告: Unmatched cancel notification for request id 684
WARN  no build target for: /Users/George/workspace/scala-study/Factorial.scala
WARN  no build target for: /Users/George/workspace/scala-study/Factorization.scala
3月 06, 2020 2:27:56 午後 org.eclipse.lsp4j.jsonrpc.RemoteEndpoint fallbackResponseError
重大: Internal error: java.lang.StringIndexOutOfBoundsException: String index out of range: -1
java.util.concurrent.CompletionException: java.lang.StringIndexOutOfBoundsException: String index out of range: -1
	at java.base/java.util.concurrent.CompletableFuture.encodeThrowable(CompletableFuture.java:331)
	at java.base/java.util.concurrent.CompletableFuture.completeThrowable(CompletableFuture.java:346)
	at java.base/java.util.concurrent.CompletableFuture$UniAccept.tryFire(CompletableFuture.java:704)
	at java.base/java.util.concurrent.CompletableFuture.postComplete(CompletableFuture.java:506)
	at java.base/java.util.concurrent.CompletableFuture.completeExceptionally(CompletableFuture.java:2088)
	at scala.meta.internal.metals.CancelTokens$.$anonfun$future$1(CancelTokens.scala:38)
	at scala.meta.internal.metals.CancelTokens$.$anonfun$future$1$adapted(CancelTokens.scala:36)
	at scala.concurrent.impl.CallbackRunnable.run(Promise.scala:64)
	at java.base/java.util.concurrent.ThreadPoolExecutor.runWorker(ThreadPoolExecutor.java:1128)
	at java.base/java.util.concurrent.ThreadPoolExecutor$Worker.run(ThreadPoolExecutor.java:628)
	at java.base/java.lang.Thread.run(Thread.java:834)
Caused by: java.lang.StringIndexOutOfBoundsException: String index out of range: -1
	at java.base/java.lang.StringLatin1.charAt(StringLatin1.java:47)
	at java.base/java.lang.String.charAt(String.java:693)
	at scala.collection.immutable.StringOps$.apply$extension(StringOps.scala:41)
	at scala.meta.internal.metals.MetalsEnrichments$XtensionString.lastIndexBetween(MetalsEnrichments.scala:411)
	at scala.meta.internal.metals.MultilineStringFormattingProvider.pipeInScope(MultilineStringFormattingProvider.scala:86)
	at scala.meta.internal.metals.MultilineStringFormattingProvider.$anonfun$withToken$1(MultilineStringFormattingProvider.scala:131)
	at scala.concurrent.Future$.$anonfun$apply$1(Future.scala:659)
	at scala.util.Success.$anonfun$map$1(Try.scala:255)
	at scala.util.Success.map(Try.scala:213)
	at scala.concurrent.Future.$anonfun$map$1(Future.scala:292)
	at scala.concurrent.impl.Promise.liftedTree1$1(Promise.scala:33)
	at scala.concurrent.impl.Promise.$anonfun$transform$1(Promise.scala:33)
	... 4 more

3月 06, 2020 2:28:07 午後 scala.meta.internal.pc.CompletionProvider expected$1
警告: offset 66, count -1, length 76
WARN  no build target for: /Users/George/workspace/scala-study/Factorization.scala
3月 06, 2020 2:28:36 午後 org.eclipse.lsp4j.jsonrpc.RemoteEndpoint handleCancellation
警告: Unmatched cancel notification for request id 904
WARN  no build target for: /Users/George/workspace/scala-study/Factorization.scala
3月 06, 2020 2:29:25 午後 org.eclipse.lsp4j.jsonrpc.RemoteEndpoint fallbackResponseError
重大: Internal error: java.lang.StringIndexOutOfBoundsException: String index out of range: -1
java.util.concurrent.CompletionException: java.lang.StringIndexOutOfBoundsException: String index out of range: -1
	at java.base/java.util.concurrent.CompletableFuture.encodeThrowable(CompletableFuture.java:331)
	at java.base/java.util.concurrent.CompletableFuture.completeThrowable(CompletableFuture.java:346)
	at java.base/java.util.concurrent.CompletableFuture$UniAccept.tryFire(CompletableFuture.java:704)
	at java.base/java.util.concurrent.CompletableFuture.postComplete(CompletableFuture.java:506)
	at java.base/java.util.concurrent.CompletableFuture.completeExceptionally(CompletableFuture.java:2088)
	at scala.meta.internal.metals.CancelTokens$.$anonfun$future$1(CancelTokens.scala:38)
	at scala.meta.internal.metals.CancelTokens$.$anonfun$future$1$adapted(CancelTokens.scala:36)
	at scala.concurrent.impl.CallbackRunnable.run(Promise.scala:64)
	at java.base/java.util.concurrent.ThreadPoolExecutor.runWorker(ThreadPoolExecutor.java:1128)
	at java.base/java.util.concurrent.ThreadPoolExecutor$Worker.run(ThreadPoolExecutor.java:628)
	at java.base/java.lang.Thread.run(Thread.java:834)
Caused by: java.lang.StringIndexOutOfBoundsException: String index out of range: -1
	at java.base/java.lang.StringLatin1.charAt(StringLatin1.java:47)
	at java.base/java.lang.String.charAt(String.java:693)
	at scala.collection.immutable.StringOps$.apply$extension(StringOps.scala:41)
	at scala.meta.internal.metals.MetalsEnrichments$XtensionString.lastIndexBetween(MetalsEnrichments.scala:411)
	at scala.meta.internal.metals.MultilineStringFormattingProvider.pipeInScope(MultilineStringFormattingProvider.scala:86)
	at scala.meta.internal.metals.MultilineStringFormattingProvider.$anonfun$withToken$1(MultilineStringFormattingProvider.scala:131)
	at scala.concurrent.Future$.$anonfun$apply$1(Future.scala:659)
	at scala.util.Success.$anonfun$map$1(Try.scala:255)
	at scala.util.Success.map(Try.scala:213)
	at scala.concurrent.Future.$anonfun$map$1(Future.scala:292)
	at scala.concurrent.impl.Promise.liftedTree1$1(Promise.scala:33)
	at scala.concurrent.impl.Promise.$anonfun$transform$1(Promise.scala:33)
	... 4 more

3月 06, 2020 2:29:26 午後 org.eclipse.lsp4j.jsonrpc.RemoteEndpoint fallbackResponseError
重大: Internal error: java.lang.StringIndexOutOfBoundsException: String index out of range: -1
java.util.concurrent.CompletionException: java.lang.StringIndexOutOfBoundsException: String index out of range: -1
	at java.base/java.util.concurrent.CompletableFuture.encodeThrowable(CompletableFuture.java:331)
	at java.base/java.util.concurrent.CompletableFuture.completeThrowable(CompletableFuture.java:346)
	at java.base/java.util.concurrent.CompletableFuture$UniAccept.tryFire(CompletableFuture.java:704)
	at java.base/java.util.concurrent.CompletableFuture.postComplete(CompletableFuture.java:506)
	at java.base/java.util.concurrent.CompletableFuture.completeExceptionally(CompletableFuture.java:2088)
	at scala.meta.internal.metals.CancelTokens$.$anonfun$future$1(CancelTokens.scala:38)
	at scala.meta.internal.metals.CancelTokens$.$anonfun$future$1$adapted(CancelTokens.scala:36)
	at scala.concurrent.impl.CallbackRunnable.run(Promise.scala:64)
	at java.base/java.util.concurrent.ThreadPoolExecutor.runWorker(ThreadPoolExecutor.java:1128)
	at java.base/java.util.concurrent.ThreadPoolExecutor$Worker.run(ThreadPoolExecutor.java:628)
	at java.base/java.lang.Thread.run(Thread.java:834)
Caused by: java.lang.StringIndexOutOfBoundsException: String index out of range: -1
	at java.base/java.lang.StringLatin1.charAt(StringLatin1.java:47)
	at java.base/java.lang.String.charAt(String.java:693)
	at scala.collection.immutable.StringOps$.apply$extension(StringOps.scala:41)
	at scala.meta.internal.metals.MetalsEnrichments$XtensionString.lastIndexBetween(MetalsEnrichments.scala:411)
	at scala.meta.internal.metals.MultilineStringFormattingProvider.pipeInScope(MultilineStringFormattingProvider.scala:86)
	at scala.meta.internal.metals.MultilineStringFormattingProvider.$anonfun$withToken$1(MultilineStringFormattingProvider.scala:131)
	at scala.concurrent.Future$.$anonfun$apply$1(Future.scala:659)
	at scala.util.Success.$anonfun$map$1(Try.scala:255)
	at scala.util.Success.map(Try.scala:213)
	at scala.concurrent.Future.$anonfun$map$1(Future.scala:292)
	at scala.concurrent.impl.Promise.liftedTree1$1(Promise.scala:33)
	at scala.concurrent.impl.Promise.$anonfun$transform$1(Promise.scala:33)
	... 4 more

WARN  no build target for: /Users/George/workspace/scala-study/Factorization.scala
WARN  no build target for: /Users/George/workspace/scala-study/Factorization.scala
WARN  no build target for: /Users/George/workspace/scala-study/Factorization.scala
WARN  no build target for: /Users/George/workspace/scala-study/Factorization.scala
INFO  shutting down Metals
INFO  started: Metals version 0.8.1 in workspace '/Users/George/workspace/scala-study'
INFO  time: initialize in 1.36s
INFO  skipping build import with status 'Requested'
WARN  no build target for: /Users/George/workspace/scala-study/Factorization.scala
INFO  no build target: using presentation compiler with only scala-library
something's wrong: no file:///Users/George/workspace/scala-study/Factorization.scala in Map[Int,<error>]RangePosition(file:///Users/George/workspace/scala-study/Factorization.scala, 168, 168, 185)
something's wrong: no file:///Users/George/workspace/scala-study/Factorization.scala in Map[Int,<error>]RangePosition(file:///Users/George/workspace/scala-study/Factorization.scala, 168, 168, 186)
something's wrong: no file:///Users/George/workspace/scala-study/Factorization.scala in Map[Int,<error>]RangePosition(file:///Users/George/workspace/scala-study/Factorization.scala, 168, 168, 179)
something's wrong: no file:///Users/George/workspace/scala-study/Factorization.scala in Map[Int,<error>]RangePosition(file:///Users/George/workspace/scala-study/Factorization.scala, 168, 168, 180)
something's wrong: no file:///Users/George/workspace/scala-study/Factorization.scala in Map[Int,Int]RangePosition(file:///Users/George/workspace/scala-study/Factorization.scala, 168, 168, 181)
something's wrong: no file:///Users/George/workspace/scala-study/Factorization.scala in Map[Int,Int]RangePosition(file:///Users/George/workspace/scala-study/Factorization.scala, 168, 168, 181)
something's wrong: no file:///Users/George/workspace/scala-study/Factorization.scala in Map[Int,Int]RangePosition(file:///Users/George/workspace/scala-study/Factorization.scala, 168, 168, 181)
WARN  no build target for: /Users/George/workspace/scala-study/Factorization.scala
INFO  skipping build import with status 'Requested'
3月 06, 2020 4:04:05 午後 org.eclipse.lsp4j.jsonrpc.RemoteEndpoint handleCancellation
警告: Unmatched cancel notification for request id 688
3月 06, 2020 4:04:33 午後 org.eclipse.lsp4j.jsonrpc.RemoteEndpoint handleCancellation
警告: Unmatched cancel notification for request id 809
WARN  no build target for: /Users/George/workspace/scala-study/Factorization.scala
INFO  skipping build import with status 'Requested'
WARN  no build target for: /Users/George/workspace/scala-study/Factorization.scala
INFO  skipping build import with status 'Requested'
3月 06, 2020 4:08:45 午後 org.eclipse.lsp4j.jsonrpc.RemoteEndpoint fallbackResponseError
重大: Internal error: java.lang.StringIndexOutOfBoundsException: String index out of range: -1
java.util.concurrent.CompletionException: java.lang.StringIndexOutOfBoundsException: String index out of range: -1
	at java.base/java.util.concurrent.CompletableFuture.encodeThrowable(CompletableFuture.java:331)
	at java.base/java.util.concurrent.CompletableFuture.completeThrowable(CompletableFuture.java:346)
	at java.base/java.util.concurrent.CompletableFuture$UniAccept.tryFire(CompletableFuture.java:704)
	at java.base/java.util.concurrent.CompletableFuture.postComplete(CompletableFuture.java:506)
	at java.base/java.util.concurrent.CompletableFuture.completeExceptionally(CompletableFuture.java:2088)
	at scala.meta.internal.metals.CancelTokens$.$anonfun$future$1(CancelTokens.scala:38)
	at scala.meta.internal.metals.CancelTokens$.$anonfun$future$1$adapted(CancelTokens.scala:36)
	at scala.concurrent.impl.CallbackRunnable.run(Promise.scala:64)
	at java.base/java.util.concurrent.ThreadPoolExecutor.runWorker(ThreadPoolExecutor.java:1128)
	at java.base/java.util.concurrent.ThreadPoolExecutor$Worker.run(ThreadPoolExecutor.java:628)
	at java.base/java.lang.Thread.run(Thread.java:834)
Caused by: java.lang.StringIndexOutOfBoundsException: String index out of range: -1
	at java.base/java.lang.StringLatin1.charAt(StringLatin1.java:47)
	at java.base/java.lang.String.charAt(String.java:693)
	at scala.collection.immutable.StringOps$.apply$extension(StringOps.scala:41)
	at scala.meta.internal.metals.MetalsEnrichments$XtensionString.lastIndexBetween(MetalsEnrichments.scala:411)
	at scala.meta.internal.metals.MultilineStringFormattingProvider.pipeInScope(MultilineStringFormattingProvider.scala:86)
	at scala.meta.internal.metals.MultilineStringFormattingProvider.$anonfun$withToken$1(MultilineStringFormattingProvider.scala:131)
	at scala.concurrent.Future$.$anonfun$apply$1(Future.scala:659)
	at scala.util.Success.$anonfun$map$1(Try.scala:255)
	at scala.util.Success.map(Try.scala:213)
	at scala.concurrent.Future.$anonfun$map$1(Future.scala:292)
	at scala.concurrent.impl.Promise.liftedTree1$1(Promise.scala:33)
	at scala.concurrent.impl.Promise.$anonfun$transform$1(Promise.scala:33)
	... 4 more

ERROR scalafmt: /Users/George/workspace/scala-study/Factorization.scala:18: error: } expected but end of file found
  println(factorizationRec(target, 2, Map()))
                                             ^
WARN  no build target for: /Users/George/workspace/scala-study/Factorization.scala
INFO  skipping build import with status 'Requested'
WARN  no build target for: /Users/George/workspace/scala-study/Factorization.scala
INFO  skipping build import with status 'Requested'
WARN  no build target for: /Users/George/workspace/scala-study/Factorization.scala
INFO  skipping build import with status 'Requested'
WARN  no build target for: /Users/George/workspace/scala-study/Factorization.scala
INFO  skipping build import with status 'Requested'
WARN  no build target for: /Users/George/workspace/scala-study/Factorization.scala
INFO  skipping build import with status 'Requested'
WARN  no build target for: /Users/George/workspace/scala-study/Factorization.scala
INFO  skipping build import with status 'Requested'
3月 06, 2020 4:12:25 午後 org.eclipse.lsp4j.jsonrpc.RemoteEndpoint fallbackResponseError
重大: Internal error: java.lang.StringIndexOutOfBoundsException: String index out of range: -1
java.util.concurrent.CompletionException: java.lang.StringIndexOutOfBoundsException: String index out of range: -1
	at java.base/java.util.concurrent.CompletableFuture.encodeThrowable(CompletableFuture.java:331)
	at java.base/java.util.concurrent.CompletableFuture.completeThrowable(CompletableFuture.java:346)
	at java.base/java.util.concurrent.CompletableFuture$UniAccept.tryFire(CompletableFuture.java:704)
	at java.base/java.util.concurrent.CompletableFuture.postComplete(CompletableFuture.java:506)
	at java.base/java.util.concurrent.CompletableFuture.completeExceptionally(CompletableFuture.java:2088)
	at scala.meta.internal.metals.CancelTokens$.$anonfun$future$1(CancelTokens.scala:38)
	at scala.meta.internal.metals.CancelTokens$.$anonfun$future$1$adapted(CancelTokens.scala:36)
	at scala.concurrent.impl.CallbackRunnable.run(Promise.scala:64)
	at java.base/java.util.concurrent.ThreadPoolExecutor.runWorker(ThreadPoolExecutor.java:1128)
	at java.base/java.util.concurrent.ThreadPoolExecutor$Worker.run(ThreadPoolExecutor.java:628)
	at java.base/java.lang.Thread.run(Thread.java:834)
Caused by: java.lang.StringIndexOutOfBoundsException: String index out of range: -1
	at java.base/java.lang.StringLatin1.charAt(StringLatin1.java:47)
	at java.base/java.lang.String.charAt(String.java:693)
	at scala.collection.immutable.StringOps$.apply$extension(StringOps.scala:41)
	at scala.meta.internal.metals.MetalsEnrichments$XtensionString.lastIndexBetween(MetalsEnrichments.scala:411)
	at scala.meta.internal.metals.MultilineStringFormattingProvider.pipeInScope(MultilineStringFormattingProvider.scala:86)
	at scala.meta.internal.metals.MultilineStringFormattingProvider.$anonfun$withToken$1(MultilineStringFormattingProvider.scala:131)
	at scala.concurrent.Future$.$anonfun$apply$1(Future.scala:659)
	at scala.util.Success.$anonfun$map$1(Try.scala:255)
	at scala.util.Success.map(Try.scala:213)
	at scala.concurrent.Future.$anonfun$map$1(Future.scala:292)
	at scala.concurrent.impl.Promise.liftedTree1$1(Promise.scala:33)
	at scala.concurrent.impl.Promise.$anonfun$transform$1(Promise.scala:33)
	... 4 more

WARN  no build target for: /Users/George/workspace/scala-study/Factorization.scala
INFO  skipping build import with status 'Requested'
3月 06, 2020 4:18:21 午後 org.eclipse.lsp4j.jsonrpc.RemoteEndpoint handleCancellation
警告: Unmatched cancel notification for request id 1886
WARN  no build target for: /Users/George/workspace/scala-study/Factorization.scala
INFO  skipping build import with status 'Requested'
WARN  no build target for: /Users/George/workspace/scala-study/Euclid.scala
3月 06, 2020 5:28:59 午後 org.eclipse.lsp4j.jsonrpc.RemoteEndpoint fallbackResponseError
重大: Internal error: java.lang.StringIndexOutOfBoundsException: String index out of range: -1
java.util.concurrent.CompletionException: java.lang.StringIndexOutOfBoundsException: String index out of range: -1
	at java.base/java.util.concurrent.CompletableFuture.encodeThrowable(CompletableFuture.java:331)
	at java.base/java.util.concurrent.CompletableFuture.completeThrowable(CompletableFuture.java:346)
	at java.base/java.util.concurrent.CompletableFuture$UniAccept.tryFire(CompletableFuture.java:704)
	at java.base/java.util.concurrent.CompletableFuture.postComplete(CompletableFuture.java:506)
	at java.base/java.util.concurrent.CompletableFuture.completeExceptionally(CompletableFuture.java:2088)
	at scala.meta.internal.metals.CancelTokens$.$anonfun$future$1(CancelTokens.scala:38)
	at scala.meta.internal.metals.CancelTokens$.$anonfun$future$1$adapted(CancelTokens.scala:36)
	at scala.concurrent.impl.CallbackRunnable.run(Promise.scala:64)
	at java.base/java.util.concurrent.ThreadPoolExecutor.runWorker(ThreadPoolExecutor.java:1128)
	at java.base/java.util.concurrent.ThreadPoolExecutor$Worker.run(ThreadPoolExecutor.java:628)
	at java.base/java.lang.Thread.run(Thread.java:834)
Caused by: java.lang.StringIndexOutOfBoundsException: String index out of range: -1
	at java.base/java.lang.StringLatin1.charAt(StringLatin1.java:47)
	at java.base/java.lang.String.charAt(String.java:693)
	at scala.collection.immutable.StringOps$.apply$extension(StringOps.scala:41)
	at scala.meta.internal.metals.MetalsEnrichments$XtensionString.lastIndexBetween(MetalsEnrichments.scala:411)
	at scala.meta.internal.metals.MultilineStringFormattingProvider.pipeInScope(MultilineStringFormattingProvider.scala:86)
	at scala.meta.internal.metals.MultilineStringFormattingProvider.$anonfun$withToken$1(MultilineStringFormattingProvider.scala:131)
	at scala.concurrent.Future$.$anonfun$apply$1(Future.scala:659)
	at scala.util.Success.$anonfun$map$1(Try.scala:255)
	at scala.util.Success.map(Try.scala:213)
	at scala.concurrent.Future.$anonfun$map$1(Future.scala:292)
	at scala.concurrent.impl.Promise.liftedTree1$1(Promise.scala:33)
	at scala.concurrent.impl.Promise.$anonfun$transform$1(Promise.scala:33)
	... 4 more

WARN  no build target for: /Users/George/workspace/scala-study/Euclid.scala
INFO  skipping build import with status 'Requested'
WARN  no build target for: /Users/George/workspace/scala-study/Euclid.scala
INFO  skipping build import with status 'Requested'
WARN  no build target for: /Users/George/workspace/scala-study/Euclid.scala
INFO  skipping build import with status 'Requested'
WARN  no build target for: /Users/George/workspace/scala-study/Euclid.scala
INFO  skipping build import with status 'Requested'
ERROR scalafmt: /Users/George/workspace/scala-study/Euclid.scala:11: error: } expected but end of file found

^
WARN  no build target for: /Users/George/workspace/scala-study/Euclid.scala
INFO  skipping build import with status 'Requested'
ERROR scalafmt: /Users/George/workspace/scala-study/Euclid.scala:12: error: } expected but end of file found

^
WARN  no build target for: /Users/George/workspace/scala-study/Euclid.scala
INFO  skipping build import with status 'Requested'
WARN  no build target for: /Users/George/workspace/scala-study/Euclid.scala
INFO  skipping build import with status 'Requested'
WARN  no build target for: /Users/George/workspace/scala-study/SimpleSearch.scala
3月 07, 2020 2:42:34 午後 org.eclipse.lsp4j.jsonrpc.RemoteEndpoint fallbackResponseError
重大: Internal error: java.lang.StringIndexOutOfBoundsException: String index out of range: -1
java.util.concurrent.CompletionException: java.lang.StringIndexOutOfBoundsException: String index out of range: -1
	at java.base/java.util.concurrent.CompletableFuture.encodeThrowable(CompletableFuture.java:331)
	at java.base/java.util.concurrent.CompletableFuture.completeThrowable(CompletableFuture.java:346)
	at java.base/java.util.concurrent.CompletableFuture$UniAccept.tryFire(CompletableFuture.java:704)
	at java.base/java.util.concurrent.CompletableFuture.postComplete(CompletableFuture.java:506)
	at java.base/java.util.concurrent.CompletableFuture.completeExceptionally(CompletableFuture.java:2088)
	at scala.meta.internal.metals.CancelTokens$.$anonfun$future$1(CancelTokens.scala:38)
	at scala.meta.internal.metals.CancelTokens$.$anonfun$future$1$adapted(CancelTokens.scala:36)
	at scala.concurrent.impl.CallbackRunnable.run(Promise.scala:64)
	at java.base/java.util.concurrent.ThreadPoolExecutor.runWorker(ThreadPoolExecutor.java:1128)
	at java.base/java.util.concurrent.ThreadPoolExecutor$Worker.run(ThreadPoolExecutor.java:628)
	at java.base/java.lang.Thread.run(Thread.java:834)
Caused by: java.lang.StringIndexOutOfBoundsException: String index out of range: -1
	at java.base/java.lang.StringLatin1.charAt(StringLatin1.java:47)
	at java.base/java.lang.String.charAt(String.java:693)
	at scala.collection.immutable.StringOps$.apply$extension(StringOps.scala:41)
	at scala.meta.internal.metals.MetalsEnrichments$XtensionString.lastIndexBetween(MetalsEnrichments.scala:411)
	at scala.meta.internal.metals.MultilineStringFormattingProvider.pipeInScope(MultilineStringFormattingProvider.scala:86)
	at scala.meta.internal.metals.MultilineStringFormattingProvider.$anonfun$withToken$1(MultilineStringFormattingProvider.scala:131)
	at scala.concurrent.Future$.$anonfun$apply$1(Future.scala:659)
	at scala.util.Success.$anonfun$map$1(Try.scala:255)
	at scala.util.Success.map(Try.scala:213)
	at scala.concurrent.Future.$anonfun$map$1(Future.scala:292)
	at scala.concurrent.impl.Promise.liftedTree1$1(Promise.scala:33)
	at scala.concurrent.impl.Promise.$anonfun$transform$1(Promise.scala:33)
	... 4 more

WARN  no build target for: /Users/George/workspace/scala-study/SimpleSearch.scala
INFO  skipping build import with status 'Requested'
something's wrong: no file:///Users/George/workspace/scala-study/SimpleSearch.scala in Seq[<error>]RangePosition(file:///Users/George/workspace/scala-study/SimpleSearch.scala, 183, 183, 196)
something's wrong: no file:///Users/George/workspace/scala-study/SimpleSearch.scala in Seq[<error>]RangePosition(file:///Users/George/workspace/scala-study/SimpleSearch.scala, 183, 183, 189)
something's wrong: no file:///Users/George/workspace/scala-study/SimpleSearch.scala in Seq[<error>]RangePosition(file:///Users/George/workspace/scala-study/SimpleSearch.scala, 183, 183, 190)
something's wrong: no file:///Users/George/workspace/scala-study/SimpleSearch.scala in Seq[<error>]RangePosition(file:///Users/George/workspace/scala-study/SimpleSearch.scala, 183, 183, 191)
something's wrong: no file:///Users/George/workspace/scala-study/SimpleSearch.scala in Seq[Char]RangePosition(file:///Users/George/workspace/scala-study/SimpleSearch.scala, 183, 183, 192)
something's wrong: no file:///Users/George/workspace/scala-study/SimpleSearch.scala in Seq[Char]RangePosition(file:///Users/George/workspace/scala-study/SimpleSearch.scala, 183, 183, 192)
something's wrong: no file:///Users/George/workspace/scala-study/SimpleSearch.scala in Seq[Char]RangePosition(file:///Users/George/workspace/scala-study/SimpleSearch.scala, 183, 183, 192)
something's wrong: no file:///Users/George/workspace/scala-study/SimpleSearch.scala in Seq[<error>]RangePosition(file:///Users/George/workspace/scala-study/SimpleSearch.scala, 203, 203, 216)
something's wrong: no file:///Users/George/workspace/scala-study/SimpleSearch.scala in Seq[<error>]RangePosition(file:///Users/George/workspace/scala-study/SimpleSearch.scala, 203, 203, 209)
something's wrong: no file:///Users/George/workspace/scala-study/SimpleSearch.scala in Seq[<error>]RangePosition(file:///Users/George/workspace/scala-study/SimpleSearch.scala, 203, 203, 210)
something's wrong: no file:///Users/George/workspace/scala-study/SimpleSearch.scala in Seq[<error>]RangePosition(file:///Users/George/workspace/scala-study/SimpleSearch.scala, 203, 203, 211)
something's wrong: no file:///Users/George/workspace/scala-study/SimpleSearch.scala in Seq[Char]RangePosition(file:///Users/George/workspace/scala-study/SimpleSearch.scala, 203, 203, 212)
something's wrong: no file:///Users/George/workspace/scala-study/SimpleSearch.scala in Seq[Char]RangePosition(file:///Users/George/workspace/scala-study/SimpleSearch.scala, 203, 203, 212)
something's wrong: no file:///Users/George/workspace/scala-study/SimpleSearch.scala in Seq[Char]RangePosition(file:///Users/George/workspace/scala-study/SimpleSearch.scala, 203, 203, 212)
WARN  no build target for: /Users/George/workspace/scala-study/SimpleSearch.scala
INFO  skipping build import with status 'Requested'
WARN  no build target for: /Users/George/workspace/scala-study/SimpleSearch.scala
INFO  skipping build import with status 'Requested'
something's wrong: no file:///Users/George/workspace/scala-study/SimpleSearch.scala in Seq[<error>]RangePosition(file:///Users/George/workspace/scala-study/SimpleSearch.scala, 422, 422, 435)
something's wrong: no file:///Users/George/workspace/scala-study/SimpleSearch.scala in Seq[<error>]RangePosition(file:///Users/George/workspace/scala-study/SimpleSearch.scala, 422, 422, 428)
something's wrong: no file:///Users/George/workspace/scala-study/SimpleSearch.scala in Seq[<error>]RangePosition(file:///Users/George/workspace/scala-study/SimpleSearch.scala, 422, 422, 430)
something's wrong: no file:///Users/George/workspace/scala-study/SimpleSearch.scala in Seq[Char]RangePosition(file:///Users/George/workspace/scala-study/SimpleSearch.scala, 422, 422, 431)
something's wrong: no file:///Users/George/workspace/scala-study/SimpleSearch.scala in Seq[Char]RangePosition(file:///Users/George/workspace/scala-study/SimpleSearch.scala, 422, 422, 431)
something's wrong: no file:///Users/George/workspace/scala-study/SimpleSearch.scala in Seq[Char]RangePosition(file:///Users/George/workspace/scala-study/SimpleSearch.scala, 422, 422, 431)
something's wrong: no file:///Users/George/workspace/scala-study/SimpleSearch.scala in Seq[<error>]RangePosition(file:///Users/George/workspace/scala-study/SimpleSearch.scala, 442, 442, 455)
something's wrong: no file:///Users/George/workspace/scala-study/SimpleSearch.scala in Seq[<error>]RangePosition(file:///Users/George/workspace/scala-study/SimpleSearch.scala, 442, 442, 448)
something's wrong: no file:///Users/George/workspace/scala-study/SimpleSearch.scala in Seq[<error>]RangePosition(file:///Users/George/workspace/scala-study/SimpleSearch.scala, 442, 442, 449)
something's wrong: no file:///Users/George/workspace/scala-study/SimpleSearch.scala in Seq[<error>]RangePosition(file:///Users/George/workspace/scala-study/SimpleSearch.scala, 442, 442, 450)
something's wrong: no file:///Users/George/workspace/scala-study/SimpleSearch.scala in Seq[Char]RangePosition(file:///Users/George/workspace/scala-study/SimpleSearch.scala, 442, 442, 451)
something's wrong: no file:///Users/George/workspace/scala-study/SimpleSearch.scala in Seq[Char]RangePosition(file:///Users/George/workspace/scala-study/SimpleSearch.scala, 442, 442, 451)
something's wrong: no file:///Users/George/workspace/scala-study/SimpleSearch.scala in Seq[Char]RangePosition(file:///Users/George/workspace/scala-study/SimpleSearch.scala, 442, 442, 451)
ERROR scalafmt: /Users/George/workspace/scala-study/SimpleSearch.scala:12: error: illegal start of simple expression
    }
    ^
WARN  no build target for: /Users/George/workspace/scala-study/SimpleSearch.scala
INFO  skipping build import with status 'Requested'
WARN  no build target for: /Users/George/workspace/scala-study/SimpleSearch.scala
INFO  skipping build import with status 'Requested'
WARN  no build target for: /Users/George/workspace/scala-study/SimpleSearch.scala
INFO  skipping build import with status 'Requested'
WARN  no build target for: /Users/George/workspace/scala-study/SimpleSearch.scala
INFO  skipping build import with status 'Requested'
WARN  no build target for: /Users/George/workspace/scala-study/SimpleSearch.scala
INFO  skipping build import with status 'Requested'
ERROR scalafmt: /Users/George/workspace/scala-study/SimpleSearch.scala:12: error: illegal start of simple expression
+      if (isMatch(partText, pattern)) matchIndexes = matchIndexes :+ i
       ^
WARN  no build target for: /Users/George/workspace/scala-study/SimpleSearch.scala
INFO  skipping build import with status 'Requested'
WARN  no build target for: /Users/George/workspace/scala-study/SimpleSearch.scala
INFO  skipping build import with status 'Requested'
WARN  no build target for: /Users/George/workspace/scala-study/SimpleSearch.scala
INFO  skipping build import with status 'Requested'
WARN  no build target for: /Users/George/workspace/scala-study/SimpleSearch.scala
INFO  skipping build import with status 'Requested'
WARN  no build target for: /Users/George/workspace/scala-study/SimpleSearch.scala
INFO  skipping build import with status 'Requested'
WARN  no build target for: /Users/George/workspace/scala-study/SimpleSearch.scala
INFO  skipping build import with status 'Requested'
WARN  no build target for: /Users/George/workspace/scala-study/RegexSearch.scala
3月 07, 2020 3:30:10 午後 org.eclipse.lsp4j.jsonrpc.RemoteEndpoint fallbackResponseError
重大: Internal error: java.lang.StringIndexOutOfBoundsException: String index out of range: -1
java.util.concurrent.CompletionException: java.lang.StringIndexOutOfBoundsException: String index out of range: -1
	at java.base/java.util.concurrent.CompletableFuture.encodeThrowable(CompletableFuture.java:331)
	at java.base/java.util.concurrent.CompletableFuture.completeThrowable(CompletableFuture.java:346)
	at java.base/java.util.concurrent.CompletableFuture$UniAccept.tryFire(CompletableFuture.java:704)
	at java.base/java.util.concurrent.CompletableFuture.postComplete(CompletableFuture.java:506)
	at java.base/java.util.concurrent.CompletableFuture.completeExceptionally(CompletableFuture.java:2088)
	at scala.meta.internal.metals.CancelTokens$.$anonfun$future$1(CancelTokens.scala:38)
	at scala.meta.internal.metals.CancelTokens$.$anonfun$future$1$adapted(CancelTokens.scala:36)
	at scala.concurrent.impl.CallbackRunnable.run(Promise.scala:64)
	at java.base/java.util.concurrent.ThreadPoolExecutor.runWorker(ThreadPoolExecutor.java:1128)
	at java.base/java.util.concurrent.ThreadPoolExecutor$Worker.run(ThreadPoolExecutor.java:628)
	at java.base/java.lang.Thread.run(Thread.java:834)
Caused by: java.lang.StringIndexOutOfBoundsException: String index out of range: -1
	at java.base/java.lang.StringLatin1.charAt(StringLatin1.java:47)
	at java.base/java.lang.String.charAt(String.java:693)
	at scala.collection.immutable.StringOps$.apply$extension(StringOps.scala:41)
	at scala.meta.internal.metals.MetalsEnrichments$XtensionString.lastIndexBetween(MetalsEnrichments.scala:411)
	at scala.meta.internal.metals.MultilineStringFormattingProvider.pipeInScope(MultilineStringFormattingProvider.scala:86)
	at scala.meta.internal.metals.MultilineStringFormattingProvider.$anonfun$withToken$1(MultilineStringFormattingProvider.scala:131)
	at scala.concurrent.Future$.$anonfun$apply$1(Future.scala:659)
	at scala.util.Success.$anonfun$map$1(Try.scala:255)
	at scala.util.Success.map(Try.scala:213)
	at scala.concurrent.Future.$anonfun$map$1(Future.scala:292)
	at scala.concurrent.impl.Promise.liftedTree1$1(Promise.scala:33)
	at scala.concurrent.impl.Promise.$anonfun$transform$1(Promise.scala:33)
	... 4 more

3月 07, 2020 3:31:40 午後 org.eclipse.lsp4j.jsonrpc.RemoteEndpoint handleCancellation
警告: Unmatched cancel notification for request id 5361
WARN  no build target for: /Users/George/workspace/scala-study/RegexSearch.scala
INFO  skipping build import with status 'Requested'
WARN  no build target for: /Users/George/workspace/scala-study/RegexSearch.scala
INFO  skipping build import with status 'Requested'
WARN  no build target for: /Users/George/workspace/scala-study/RegexSearch.scala
INFO  skipping build import with status 'Requested'
WARN  no build target for: /Users/George/workspace/scala-study/PartialSumDFS.scala
3月 07, 2020 4:46:06 午後 org.eclipse.lsp4j.jsonrpc.RemoteEndpoint fallbackResponseError
重大: Internal error: java.lang.StringIndexOutOfBoundsException: String index out of range: -1
java.util.concurrent.CompletionException: java.lang.StringIndexOutOfBoundsException: String index out of range: -1
	at java.base/java.util.concurrent.CompletableFuture.encodeThrowable(CompletableFuture.java:331)
	at java.base/java.util.concurrent.CompletableFuture.completeThrowable(CompletableFuture.java:346)
	at java.base/java.util.concurrent.CompletableFuture$UniAccept.tryFire(CompletableFuture.java:704)
	at java.base/java.util.concurrent.CompletableFuture.postComplete(CompletableFuture.java:506)
	at java.base/java.util.concurrent.CompletableFuture.completeExceptionally(CompletableFuture.java:2088)
	at scala.meta.internal.metals.CancelTokens$.$anonfun$future$1(CancelTokens.scala:38)
	at scala.meta.internal.metals.CancelTokens$.$anonfun$future$1$adapted(CancelTokens.scala:36)
	at scala.concurrent.impl.CallbackRunnable.run(Promise.scala:64)
	at java.base/java.util.concurrent.ThreadPoolExecutor.runWorker(ThreadPoolExecutor.java:1128)
	at java.base/java.util.concurrent.ThreadPoolExecutor$Worker.run(ThreadPoolExecutor.java:628)
	at java.base/java.lang.Thread.run(Thread.java:834)
Caused by: java.lang.StringIndexOutOfBoundsException: String index out of range: -1
	at java.base/java.lang.StringLatin1.charAt(StringLatin1.java:47)
	at java.base/java.lang.String.charAt(String.java:693)
	at scala.collection.immutable.StringOps$.apply$extension(StringOps.scala:41)
	at scala.meta.internal.metals.MetalsEnrichments$XtensionString.lastIndexBetween(MetalsEnrichments.scala:411)
	at scala.meta.internal.metals.MultilineStringFormattingProvider.pipeInScope(MultilineStringFormattingProvider.scala:86)
	at scala.meta.internal.metals.MultilineStringFormattingProvider.$anonfun$withToken$1(MultilineStringFormattingProvider.scala:131)
	at scala.concurrent.Future$.$anonfun$apply$1(Future.scala:659)
	at scala.util.Success.$anonfun$map$1(Try.scala:255)
	at scala.util.Success.map(Try.scala:213)
	at scala.concurrent.Future.$anonfun$map$1(Future.scala:292)
	at scala.concurrent.impl.Promise.liftedTree1$1(Promise.scala:33)
	at scala.concurrent.impl.Promise.$anonfun$transform$1(Promise.scala:33)
	... 4 more

3月 07, 2020 4:46:10 午後 org.eclipse.lsp4j.jsonrpc.RemoteEndpoint fallbackResponseError
重大: Internal error: java.lang.StringIndexOutOfBoundsException: String index out of range: -1
java.util.concurrent.CompletionException: java.lang.StringIndexOutOfBoundsException: String index out of range: -1
	at java.base/java.util.concurrent.CompletableFuture.encodeThrowable(CompletableFuture.java:331)
	at java.base/java.util.concurrent.CompletableFuture.completeThrowable(CompletableFuture.java:346)
	at java.base/java.util.concurrent.CompletableFuture$UniAccept.tryFire(CompletableFuture.java:704)
	at java.base/java.util.concurrent.CompletableFuture.postComplete(CompletableFuture.java:506)
	at java.base/java.util.concurrent.CompletableFuture.completeExceptionally(CompletableFuture.java:2088)
	at scala.meta.internal.metals.CancelTokens$.$anonfun$future$1(CancelTokens.scala:38)
	at scala.meta.internal.metals.CancelTokens$.$anonfun$future$1$adapted(CancelTokens.scala:36)
	at scala.concurrent.impl.CallbackRunnable.run(Promise.scala:64)
	at java.base/java.util.concurrent.ThreadPoolExecutor.runWorker(ThreadPoolExecutor.java:1128)
	at java.base/java.util.concurrent.ThreadPoolExecutor$Worker.run(ThreadPoolExecutor.java:628)
	at java.base/java.lang.Thread.run(Thread.java:834)
Caused by: java.lang.StringIndexOutOfBoundsException: String index out of range: -1
	at java.base/java.lang.StringLatin1.charAt(StringLatin1.java:47)
	at java.base/java.lang.String.charAt(String.java:693)
	at scala.collection.immutable.StringOps$.apply$extension(StringOps.scala:41)
	at scala.meta.internal.metals.MetalsEnrichments$XtensionString.lastIndexBetween(MetalsEnrichments.scala:411)
	at scala.meta.internal.metals.MultilineStringFormattingProvider.pipeInScope(MultilineStringFormattingProvider.scala:86)
	at scala.meta.internal.metals.MultilineStringFormattingProvider.$anonfun$withToken$1(MultilineStringFormattingProvider.scala:131)
	at scala.concurrent.Future$.$anonfun$apply$1(Future.scala:659)
	at scala.util.Success.$anonfun$map$1(Try.scala:255)
	at scala.util.Success.map(Try.scala:213)
	at scala.concurrent.Future.$anonfun$map$1(Future.scala:292)
	at scala.concurrent.impl.Promise.liftedTree1$1(Promise.scala:33)
	at scala.concurrent.impl.Promise.$anonfun$transform$1(Promise.scala:33)
	... 4 more

WARN  no build target for: /Users/George/workspace/scala-study/PartialSumDFS.scala
INFO  skipping build import with status 'Requested'
something's wrong: no file:///Users/George/workspace/scala-study/PartialSumDFS.scala in Seq[<error>]RangePosition(file:///Users/George/workspace/scala-study/PartialSumDFS.scala, 138, 138, 151)
something's wrong: no file:///Users/George/workspace/scala-study/PartialSumDFS.scala in Seq[<error>]RangePosition(file:///Users/George/workspace/scala-study/PartialSumDFS.scala, 138, 138, 144)
something's wrong: no file:///Users/George/workspace/scala-study/PartialSumDFS.scala in Seq[<error>]RangePosition(file:///Users/George/workspace/scala-study/PartialSumDFS.scala, 138, 138, 145)
something's wrong: no file:///Users/George/workspace/scala-study/PartialSumDFS.scala in Seq[Int]RangePosition(file:///Users/George/workspace/scala-study/PartialSumDFS.scala, 138, 138, 146)
something's wrong: no file:///Users/George/workspace/scala-study/PartialSumDFS.scala in Seq[Int]RangePosition(file:///Users/George/workspace/scala-study/PartialSumDFS.scala, 138, 138, 146)
something's wrong: no file:///Users/George/workspace/scala-study/PartialSumDFS.scala in Seq[Int]RangePosition(file:///Users/George/workspace/scala-study/PartialSumDFS.scala, 138, 138, 146)
WARN  no build target for: /Users/George/workspace/scala-study/PartialSumDFS.scala
INFO  skipping build import with status 'Requested'
WARN  no build target for: /Users/George/workspace/scala-study/PartialSumDFS.scala
INFO  skipping build import with status 'Requested'
WARN  no build target for: /Users/George/workspace/scala-study/PartialSumDFS.scala
INFO  skipping build import with status 'Requested'
ERROR scalafmt: /Users/George/workspace/scala-study/PartialSumDFS.scala:13: error: ; expected but ) found
    isMatchAndResult(index + 1, partial :+ a(index)))
                                                    ^
WARN  no build target for: /Users/George/workspace/scala-study/PartialSumDFS.scala
INFO  skipping build import with status 'Requested'
WARN  no build target for: /Users/George/workspace/scala-study/PartialSumDFS.scala
INFO  skipping build import with status 'Requested'
WARN  no build target for: /Users/George/workspace/scala-study/PartialSumBit0p.scala
3月 07, 2020 5:33:31 午後 org.eclipse.lsp4j.jsonrpc.RemoteEndpoint fallbackResponseError
重大: Internal error: java.lang.StringIndexOutOfBoundsException: String index out of range: -1
java.util.concurrent.CompletionException: java.lang.StringIndexOutOfBoundsException: String index out of range: -1
	at java.base/java.util.concurrent.CompletableFuture.encodeThrowable(CompletableFuture.java:331)
	at java.base/java.util.concurrent.CompletableFuture.completeThrowable(CompletableFuture.java:346)
	at java.base/java.util.concurrent.CompletableFuture$UniAccept.tryFire(CompletableFuture.java:704)
	at java.base/java.util.concurrent.CompletableFuture.postComplete(CompletableFuture.java:506)
	at java.base/java.util.concurrent.CompletableFuture.completeExceptionally(CompletableFuture.java:2088)
	at scala.meta.internal.metals.CancelTokens$.$anonfun$future$1(CancelTokens.scala:38)
	at scala.meta.internal.metals.CancelTokens$.$anonfun$future$1$adapted(CancelTokens.scala:36)
	at scala.concurrent.impl.CallbackRunnable.run(Promise.scala:64)
	at java.base/java.util.concurrent.ThreadPoolExecutor.runWorker(ThreadPoolExecutor.java:1128)
	at java.base/java.util.concurrent.ThreadPoolExecutor$Worker.run(ThreadPoolExecutor.java:628)
	at java.base/java.lang.Thread.run(Thread.java:834)
Caused by: java.lang.StringIndexOutOfBoundsException: String index out of range: -1
	at java.base/java.lang.StringLatin1.charAt(StringLatin1.java:47)
	at java.base/java.lang.String.charAt(String.java:693)
	at scala.collection.immutable.StringOps$.apply$extension(StringOps.scala:41)
	at scala.meta.internal.metals.MetalsEnrichments$XtensionString.lastIndexBetween(MetalsEnrichments.scala:411)
	at scala.meta.internal.metals.MultilineStringFormattingProvider.pipeInScope(MultilineStringFormattingProvider.scala:86)
	at scala.meta.internal.metals.MultilineStringFormattingProvider.$anonfun$withToken$1(MultilineStringFormattingProvider.scala:131)
	at scala.concurrent.Future$.$anonfun$apply$1(Future.scala:659)
	at scala.util.Success.$anonfun$map$1(Try.scala:255)
	at scala.util.Success.map(Try.scala:213)
	at scala.concurrent.Future.$anonfun$map$1(Future.scala:292)
	at scala.concurrent.impl.Promise.liftedTree1$1(Promise.scala:33)
	at scala.concurrent.impl.Promise.$anonfun$transform$1(Promise.scala:33)
	... 4 more

3月 07, 2020 5:33:41 午後 org.eclipse.lsp4j.jsonrpc.RemoteEndpoint handleCancellation
警告: Unmatched cancel notification for request id 7133
WARN  no build target for: /Users/George/workspace/scala-study/PartialSumBit0p.scala
INFO  skipping build import with status 'Requested'
something's wrong: no file:///Users/George/workspace/scala-study/PartialSumBit0p.scala in Seq[<error>]RangePosition(file:///Users/George/workspace/scala-study/PartialSumBit0p.scala, 560, 560, 573)
something's wrong: no file:///Users/George/workspace/scala-study/PartialSumBit0p.scala in Seq[<error>]RangePosition(file:///Users/George/workspace/scala-study/PartialSumBit0p.scala, 560, 560, 566)
something's wrong: no file:///Users/George/workspace/scala-study/PartialSumBit0p.scala in Seq[<error>]RangePosition(file:///Users/George/workspace/scala-study/PartialSumBit0p.scala, 560, 560, 567)
something's wrong: no file:///Users/George/workspace/scala-study/PartialSumBit0p.scala in Seq[Int]RangePosition(file:///Users/George/workspace/scala-study/PartialSumBit0p.scala, 560, 560, 568)
something's wrong: no file:///Users/George/workspace/scala-study/PartialSumBit0p.scala in Seq[Int]RangePosition(file:///Users/George/workspace/scala-study/PartialSumBit0p.scala, 560, 560, 568)
something's wrong: no file:///Users/George/workspace/scala-study/PartialSumBit0p.scala in Seq[Int]RangePosition(file:///Users/George/workspace/scala-study/PartialSumBit0p.scala, 560, 560, 568)
WARN  no build target for: /Users/George/workspace/scala-study/PartialSumBit0p.scala
INFO  skipping build import with status 'Requested'
WARN  no build target for: /Users/George/workspace/scala-study/PartialSumBit0p.scala
INFO  skipping build import with status 'Requested'
